<?xml version="1.0" encoding="UTF-8"?>
<!-- Generated by org.testng.reporters.JUnitXMLReporter -->
<testsuite hostname="DESKTOP-HN0PUSP" name="Default test" tests="4" failures="0" timestamp="25 Jun 2018 03:30:36 GMT" time="38.428" errors="0">
  <testcase name="Login_Orange" time="4.294" classname="TestCases.LoginTest"/>
  <testcase name="Login_Orange" time="3.404" classname="TestCases.LoginTest"/>
  <testcase name="Login_Orange" time="3.462" classname="TestCases.LoginTest"/>
  <testcase name="Login_Orange" time="3.547" classname="TestCases.LoginTest"/>
</testsuite> <!-- Default test -->
