<?xml version="1.0" encoding="UTF-8"?>
<testng-results skipped="0" failed="0" total="4" passed="4">
  <reporter-output>
  </reporter-output>
  <suite name="Default suite" duration-ms="38428" started-at="2018-06-25T03:29:58Z" finished-at="2018-06-25T03:30:36Z">
    <groups>
    </groups>
    <test name="Default test" duration-ms="38428" started-at="2018-06-25T03:29:58Z" finished-at="2018-06-25T03:30:36Z">
      <class name="TestCases.LoginTest">
        <test-method status="PASS" signature="Login_Orange(java.util.Hashtable)[pri:0, instance:TestCases.LoginTest@1ecee32c]" name="Login_Orange" duration-ms="4294" started-at="2018-06-25T08:59:58Z" data-provider="getData" finished-at="2018-06-25T09:00:02Z">
          <params>
            <param index="0">
              <value>
                <![CDATA[{Login_Google1=Login_Google2, Password_admin1=Password_admin2, /=/, .com=.com}]]>
              </value>
            </param>
          </params>
          <reporter-output>
          </reporter-output>
        </test-method> <!-- Login_Orange -->
        <test-method status="PASS" signature="tearDown()[pri:0, instance:TestCases.LoginTest@1ecee32c]" name="tearDown" is-config="true" duration-ms="6076" started-at="2018-06-25T09:00:02Z" finished-at="2018-06-25T09:00:08Z">
          <reporter-output>
          </reporter-output>
        </test-method> <!-- tearDown -->
        <test-method status="PASS" signature="Login_Orange(java.util.Hashtable)[pri:0, instance:TestCases.LoginTest@1ecee32c]" name="Login_Orange" duration-ms="3404" started-at="2018-06-25T09:00:08Z" data-provider="getData" finished-at="2018-06-25T09:00:11Z">
          <params>
            <param index="0">
              <value>
                <![CDATA[{Login_Google1=Login_Google3, Password_admin1=Password_admin3, /=/, .com=.com}]]>
              </value>
            </param>
          </params>
          <reporter-output>
          </reporter-output>
        </test-method> <!-- Login_Orange -->
        <test-method status="PASS" signature="tearDown()[pri:0, instance:TestCases.LoginTest@1ecee32c]" name="tearDown" is-config="true" duration-ms="5840" started-at="2018-06-25T09:00:11Z" finished-at="2018-06-25T09:00:17Z">
          <reporter-output>
          </reporter-output>
        </test-method> <!-- tearDown -->
        <test-method status="PASS" signature="Login_Orange(java.util.Hashtable)[pri:0, instance:TestCases.LoginTest@1ecee32c]" name="Login_Orange" duration-ms="3462" started-at="2018-06-25T09:00:17Z" data-provider="getData" finished-at="2018-06-25T09:00:21Z">
          <params>
            <param index="0">
              <value>
                <![CDATA[{Login_Google1=Login_Google4, Password_admin1=Password_admin4, /=/, .com=.com}]]>
              </value>
            </param>
          </params>
          <reporter-output>
          </reporter-output>
        </test-method> <!-- Login_Orange -->
        <test-method status="PASS" signature="tearDown()[pri:0, instance:TestCases.LoginTest@1ecee32c]" name="tearDown" is-config="true" duration-ms="5934" started-at="2018-06-25T09:00:21Z" finished-at="2018-06-25T09:00:27Z">
          <reporter-output>
          </reporter-output>
        </test-method> <!-- tearDown -->
        <test-method status="PASS" signature="Login_Orange(java.util.Hashtable)[pri:0, instance:TestCases.LoginTest@1ecee32c]" name="Login_Orange" duration-ms="3547" started-at="2018-06-25T09:00:27Z" data-provider="getData" finished-at="2018-06-25T09:00:30Z">
          <params>
            <param index="0">
              <value>
                <![CDATA[{Login_Google1=Login_Google5, Password_admin1=Password_admin5, /=/, .com=.com}]]>
              </value>
            </param>
          </params>
          <reporter-output>
          </reporter-output>
        </test-method> <!-- Login_Orange -->
        <test-method status="PASS" signature="tearDown()[pri:0, instance:TestCases.LoginTest@1ecee32c]" name="tearDown" is-config="true" duration-ms="5816" started-at="2018-06-25T09:00:30Z" finished-at="2018-06-25T09:00:36Z">
          <reporter-output>
          </reporter-output>
        </test-method> <!-- tearDown -->
      </class> <!-- TestCases.LoginTest -->
    </test> <!-- Default test -->
  </suite> <!-- Default suite -->
</testng-results>
