<?xml version="1.0" encoding="UTF-8"?>
<testng-results skipped="0" failed="0" total="1" passed="1">
  <reporter-output>
  </reporter-output>
  <suite name="Default suite" duration-ms="1900" started-at="2018-06-24T07:24:32Z" finished-at="2018-06-24T07:24:34Z">
    <groups>
    </groups>
    <test name="Default test" duration-ms="1900" started-at="2018-06-24T07:24:32Z" finished-at="2018-06-24T07:24:34Z">
      <class name="concept_Excel.Read_Write_Concept">
        <test-method status="PASS" signature="read_write_test()[pri:0, instance:concept_Excel.Read_Write_Concept@654f0d9c]" name="read_write_test" duration-ms="1873" started-at="2018-06-24T12:54:32Z" finished-at="2018-06-24T12:54:34Z">
          <reporter-output>
          </reporter-output>
        </test-method> <!-- read_write_test -->
      </class> <!-- concept_Excel.Read_Write_Concept -->
    </test> <!-- Default test -->
  </suite> <!-- Default suite -->
</testng-results>
